2022-05-18 15:14:33,784:INFO: SEED: 2020
2022-05-18 15:14:33,786:INFO: DEVICE: cuda:0
2022-05-18 15:14:33,787:INFO: TRANSFORM: Compose(
    ToTensor()
    Normalize(mean=[0.5, 0.5, 0.5], std=[0.5, 0.5, 0.5])
)
2022-05-18 15:14:33,788:INFO: MODEL_TYPE: PFLD_Ultralight
2022-05-18 15:14:33,788:INFO: INPUT_SIZE: [112, 112]
2022-05-18 15:14:33,788:INFO: WIDTH_FACTOR: 0.25
2022-05-18 15:14:33,788:INFO: LANDMARK_NUMBER: 98
2022-05-18 15:14:33,789:INFO: TRAIN_BATCH_SIZE: 64
2022-05-18 15:14:33,789:INFO: VAL_BATCH_SIZE: 64
2022-05-18 15:14:33,789:INFO: TRAIN_DATA_PATH: ./data/train_data/list.txt
2022-05-18 15:14:33,789:INFO: VAL_DATA_PATH: ./data/test_data/list.txt
2022-05-18 15:14:33,789:INFO: EPOCHES: 200
2022-05-18 15:14:33,790:INFO: LR: 0.0001
2022-05-18 15:14:33,790:INFO: WEIGHT_DECAY: 1e-06
2022-05-18 15:14:33,790:INFO: NUM_WORKERS: 8
2022-05-18 15:14:33,790:INFO: MILESTONES: [90, 140, 170]
2022-05-18 15:14:33,790:INFO: SAVE_LOG_EPOCH: [1, 2, 3, 5, 10, 20, 30, 40, 60, 80, 100, 140, 180, 200, 250, 300, 350, 399]
2022-05-18 15:14:33,790:INFO: RESUME: False
2022-05-18 15:14:33,791:INFO: MODEL_PATH: ./checkpoint/models/PFLD_Ultralight_0.25_112_2022-05-18-15-14/
2022-05-18 15:14:33,791:INFO: LOG_PATH: ./checkpoint/log/PFLD_Ultralight_0.25_112_2022-05-18-15-14/
2022-05-18 15:14:33,791:INFO: LOGGER_PATH: ./checkpoint/models/PFLD_Ultralight_0.25_112_2022-05-18-15-14/train.log
2022-05-18 15:14:33,791:INFO: 

2022-05-18 15:14:33,791:WARNING: =======>>>>>>> Loading Training and Validation Data
